Building DAG of jobs...
Using shell: /usr/bin/bash
Provided cores: 1 (use --cores to define parallelism)
Rules claiming more threads will be scaled down.
Job stats:
job      count
-----  -------
hello        1
total        1

Select jobs to execute...

[Wed Jun 25 00:23:25 2025]
rule hello:
    output: hello.txt
    jobid: 0
    reason: Missing output files: hello.txt
    resources: tmpdir=/tmp

[Wed Jun 25 00:23:25 2025]
Finished job 0.
1 of 1 steps (100%) done
Complete log: .snakemake/log/2025-06-25T002324.554033.snakemake.log
