Building DAG of jobs...
Using shell: /usr/bin/bash
Provided cores: 1 (use --cores to define parallelism)
Rules claiming more threads will be scaled down.
Job stats:
job        count
-------  -------
all            1
goodbye        1
total          2

Select jobs to execute...

[Wed Jun 25 00:33:49 2025]
rule goodbye:
    output: goodbye.txt
    jobid: 2
    reason: Missing output files: goodbye.txt
    resources: tmpdir=/tmp

[Wed Jun 25 00:33:49 2025]
Finished job 2.
1 of 2 steps (50%) done
Select jobs to execute...

[Wed Jun 25 00:33:49 2025]
localrule all:
    input: hello.txt, goodbye.txt
    jobid: 0
    reason: Input files updated by another job: goodbye.txt
    resources: tmpdir=/tmp

[Wed Jun 25 00:33:49 2025]
Finished job 0.
2 of 2 steps (100%) done
Complete log: .snakemake/log/2025-06-25T003349.227135.snakemake.log
