Building DAG of jobs...
Using shell: /usr/bin/bash
Provided cores: 1 (use --cores to define parallelism)
Rules claiming more threads will be scaled down.
Job stats:
job          count
---------  -------
all              1
upload_s3        1
total            2

Select jobs to execute...

[Wed Jun 25 00:49:29 2025]
rule upload_s3:
    input: results/raw/reference.fasta, results/raw/SRR1972739/SRR1972739.sra, results/raw/SRR1972739.fastq
    output: results/snakemake/.s3_upload_done
    jobid: 5
    reason: Missing output files: results/snakemake/.s3_upload_done
    resources: tmpdir=/tmp

Shutting down, this might take some time.
Exiting because a job execution failed. Look above for error message
Complete log: .snakemake/log/2025-06-25T004928.980197.snakemake.log
